{"/Users/arjun/Developer/Verdyx/frontend/server/storage.ts": {"path":"/Users/arjun/Developer/Verdyx/frontend/server/storage.ts","statementMap":{"0":{"start":{"line":14,"column":27},"end":{"line":14,"column":null}},"1":{"start":{"line":62,"column":4},"end":{"line":62,"column":null}},"2":{"start":{"line":63,"column":4},"end":{"line":63,"column":null}},"3":{"start":{"line":64,"column":4},"end":{"line":64,"column":null}},"4":{"start":{"line":65,"column":4},"end":{"line":65,"column":null}},"5":{"start":{"line":66,"column":4},"end":{"line":66,"column":null}},"6":{"start":{"line":67,"column":4},"end":{"line":67,"column":null}},"7":{"start":{"line":70,"column":4},"end":{"line":70,"column":null}},"8":{"start":{"line":75,"column":42},"end":{"line":136,"column":null}},"9":{"start":{"line":138,"column":4},"end":{"line":138,"column":null}},"10":{"start":{"line":138,"column":34},"end":{"line":138,"column":77}},"11":{"start":{"line":143,"column":4},"end":{"line":143,"column":null}},"12":{"start":{"line":147,"column":4},"end":{"line":149,"column":null}},"13":{"start":{"line":148,"column":16},"end":{"line":148,"column":null}},"14":{"start":{"line":153,"column":4},"end":{"line":155,"column":null}},"15":{"start":{"line":154,"column":16},"end":{"line":154,"column":null}},"16":{"start":{"line":159,"column":15},"end":{"line":159,"column":null}},"17":{"start":{"line":160,"column":23},"end":{"line":179,"column":null}},"18":{"start":{"line":180,"column":4},"end":{"line":180,"column":null}},"19":{"start":{"line":181,"column":4},"end":{"line":181,"column":null}},"20":{"start":{"line":185,"column":17},"end":{"line":185,"column":null}},"21":{"start":{"line":186,"column":4},"end":{"line":186,"column":null}},"22":{"start":{"line":186,"column":15},"end":{"line":186,"column":null}},"23":{"start":{"line":188,"column":20},"end":{"line":188,"column":null}},"24":{"start":{"line":189,"column":4},"end":{"line":189,"column":null}},"25":{"start":{"line":190,"column":4},"end":{"line":190,"column":null}},"26":{"start":{"line":195,"column":4},"end":{"line":195,"column":null}},"27":{"start":{"line":199,"column":4},"end":{"line":199,"column":null}},"28":{"start":{"line":203,"column":15},"end":{"line":203,"column":null}},"29":{"start":{"line":204,"column":38},"end":{"line":217,"column":null}},"30":{"start":{"line":218,"column":4},"end":{"line":218,"column":null}},"31":{"start":{"line":219,"column":4},"end":{"line":219,"column":null}},"32":{"start":{"line":223,"column":19},"end":{"line":223,"column":null}},"33":{"start":{"line":224,"column":4},"end":{"line":224,"column":null}},"34":{"start":{"line":224,"column":17},"end":{"line":224,"column":null}},"35":{"start":{"line":226,"column":20},"end":{"line":226,"column":null}},"36":{"start":{"line":227,"column":4},"end":{"line":227,"column":null}},"37":{"start":{"line":228,"column":4},"end":{"line":228,"column":null}},"38":{"start":{"line":233,"column":4},"end":{"line":233,"column":null}},"39":{"start":{"line":237,"column":4},"end":{"line":239,"column":null}},"40":{"start":{"line":238,"column":6},"end":{"line":238,"column":null}},"41":{"start":{"line":243,"column":15},"end":{"line":243,"column":null}},"42":{"start":{"line":244,"column":38},"end":{"line":260,"column":null}},"43":{"start":{"line":261,"column":4},"end":{"line":261,"column":null}},"44":{"start":{"line":262,"column":4},"end":{"line":262,"column":null}},"45":{"start":{"line":266,"column":23},"end":{"line":266,"column":null}},"46":{"start":{"line":267,"column":4},"end":{"line":267,"column":null}},"47":{"start":{"line":267,"column":21},"end":{"line":267,"column":null}},"48":{"start":{"line":269,"column":20},"end":{"line":269,"column":null}},"49":{"start":{"line":270,"column":4},"end":{"line":270,"column":null}},"50":{"start":{"line":271,"column":4},"end":{"line":271,"column":null}},"51":{"start":{"line":276,"column":4},"end":{"line":276,"column":null}},"52":{"start":{"line":280,"column":4},"end":{"line":282,"column":null}},"53":{"start":{"line":281,"column":18},"end":{"line":281,"column":null}},"54":{"start":{"line":286,"column":15},"end":{"line":286,"column":null}},"55":{"start":{"line":287,"column":34},"end":{"line":299,"column":null}},"56":{"start":{"line":300,"column":4},"end":{"line":300,"column":null}},"57":{"start":{"line":301,"column":4},"end":{"line":301,"column":null}},"58":{"start":{"line":305,"column":21},"end":{"line":305,"column":null}},"59":{"start":{"line":306,"column":4},"end":{"line":306,"column":null}},"60":{"start":{"line":306,"column":19},"end":{"line":306,"column":null}},"61":{"start":{"line":308,"column":20},"end":{"line":308,"column":null}},"62":{"start":{"line":309,"column":4},"end":{"line":309,"column":null}},"63":{"start":{"line":310,"column":4},"end":{"line":310,"column":null}},"64":{"start":{"line":315,"column":4},"end":{"line":317,"column":null}},"65":{"start":{"line":316,"column":16},"end":{"line":316,"column":null}},"66":{"start":{"line":321,"column":15},"end":{"line":321,"column":null}},"67":{"start":{"line":322,"column":45},"end":{"line":326,"column":null}},"68":{"start":{"line":327,"column":4},"end":{"line":327,"column":null}},"69":{"start":{"line":328,"column":4},"end":{"line":328,"column":null}},"70":{"start":{"line":333,"column":4},"end":{"line":333,"column":null}},"71":{"start":{"line":337,"column":4},"end":{"line":339,"column":null}},"72":{"start":{"line":338,"column":16},"end":{"line":338,"column":null}},"73":{"start":{"line":343,"column":15},"end":{"line":343,"column":null}},"74":{"start":{"line":344,"column":30},"end":{"line":362,"column":null}},"75":{"start":{"line":363,"column":4},"end":{"line":363,"column":null}},"76":{"start":{"line":364,"column":4},"end":{"line":364,"column":null}},"77":{"start":{"line":368,"column":19},"end":{"line":368,"column":null}},"78":{"start":{"line":369,"column":4},"end":{"line":369,"column":null}},"79":{"start":{"line":369,"column":17},"end":{"line":369,"column":null}},"80":{"start":{"line":371,"column":20},"end":{"line":371,"column":null}},"81":{"start":{"line":372,"column":4},"end":{"line":372,"column":null}},"82":{"start":{"line":373,"column":4},"end":{"line":373,"column":null}},"83":{"start":{"line":378,"column":32},"end":{"line":378,"column":null}},"84":{"start":{"line":381,"column":2},"end":{"line":381,"column":null}},"85":{"start":{"line":385,"column":2},"end":{"line":385,"column":null}}},"fnMap":{"0":{"name":"(anonymous_0)","decl":{"start":{"line":61,"column":2},"end":{"line":61,"column":16}},"loc":{"start":{"line":61,"column":16},"end":{"line":71,"column":null}},"line":61},"1":{"name":"(anonymous_1)","decl":{"start":{"line":73,"column":10},"end":{"line":73,"column":31}},"loc":{"start":{"line":73,"column":31},"end":{"line":139,"column":null}},"line":73},"2":{"name":"(anonymous_2)","decl":{"start":{"line":138,"column":24},"end":{"line":138,"column":34}},"loc":{"start":{"line":138,"column":34},"end":{"line":138,"column":77}},"line":138},"3":{"name":"(anonymous_3)","decl":{"start":{"line":142,"column":8},"end":{"line":142,"column":16}},"loc":{"start":{"line":142,"column":55},"end":{"line":144,"column":null}},"line":142},"4":{"name":"(anonymous_4)","decl":{"start":{"line":146,"column":8},"end":{"line":146,"column":26}},"loc":{"start":{"line":146,"column":71},"end":{"line":150,"column":null}},"line":146},"5":{"name":"(anonymous_5)","decl":{"start":{"line":148,"column":6},"end":{"line":148,"column":7}},"loc":{"start":{"line":148,"column":16},"end":{"line":148,"column":null}},"line":148},"6":{"name":"(anonymous_6)","decl":{"start":{"line":152,"column":8},"end":{"line":152,"column":23}},"loc":{"start":{"line":152,"column":65},"end":{"line":156,"column":null}},"line":152},"7":{"name":"(anonymous_7)","decl":{"start":{"line":154,"column":6},"end":{"line":154,"column":7}},"loc":{"start":{"line":154,"column":16},"end":{"line":154,"column":null}},"line":154},"8":{"name":"(anonymous_8)","decl":{"start":{"line":158,"column":8},"end":{"line":158,"column":19}},"loc":{"start":{"line":158,"column":58},"end":{"line":182,"column":null}},"line":158},"9":{"name":"(anonymous_9)","decl":{"start":{"line":184,"column":8},"end":{"line":184,"column":19}},"loc":{"start":{"line":184,"column":82},"end":{"line":191,"column":null}},"line":184},"10":{"name":"(anonymous_10)","decl":{"start":{"line":194,"column":8},"end":{"line":194,"column":26}},"loc":{"start":{"line":194,"column":75},"end":{"line":196,"column":null}},"line":194},"11":{"name":"(anonymous_11)","decl":{"start":{"line":198,"column":8},"end":{"line":198,"column":56}},"loc":{"start":{"line":198,"column":56},"end":{"line":200,"column":null}},"line":198},"12":{"name":"(anonymous_12)","decl":{"start":{"line":202,"column":8},"end":{"line":202,"column":29}},"loc":{"start":{"line":202,"column":84},"end":{"line":220,"column":null}},"line":202},"13":{"name":"(anonymous_13)","decl":{"start":{"line":222,"column":8},"end":{"line":222,"column":29}},"loc":{"start":{"line":222,"column":112},"end":{"line":229,"column":null}},"line":222},"14":{"name":"(anonymous_14)","decl":{"start":{"line":232,"column":8},"end":{"line":232,"column":22}},"loc":{"start":{"line":232,"column":67},"end":{"line":234,"column":null}},"line":232},"15":{"name":"(anonymous_15)","decl":{"start":{"line":236,"column":8},"end":{"line":236,"column":48}},"loc":{"start":{"line":236,"column":48},"end":{"line":240,"column":null}},"line":236},"16":{"name":"(anonymous_16)","decl":{"start":{"line":237,"column":54},"end":{"line":237,"column":55}},"loc":{"start":{"line":238,"column":6},"end":{"line":238,"column":null}},"line":238},"17":{"name":"(anonymous_17)","decl":{"start":{"line":242,"column":8},"end":{"line":242,"column":25}},"loc":{"start":{"line":242,"column":76},"end":{"line":263,"column":null}},"line":242},"18":{"name":"(anonymous_18)","decl":{"start":{"line":265,"column":8},"end":{"line":265,"column":25}},"loc":{"start":{"line":265,"column":100},"end":{"line":272,"column":null}},"line":265},"19":{"name":"(anonymous_19)","decl":{"start":{"line":275,"column":8},"end":{"line":275,"column":20}},"loc":{"start":{"line":275,"column":63},"end":{"line":277,"column":null}},"line":275},"20":{"name":"(anonymous_20)","decl":{"start":{"line":279,"column":8},"end":{"line":279,"column":32}},"loc":{"start":{"line":279,"column":75},"end":{"line":283,"column":null}},"line":279},"21":{"name":"(anonymous_21)","decl":{"start":{"line":281,"column":6},"end":{"line":281,"column":18}},"loc":{"start":{"line":281,"column":18},"end":{"line":281,"column":null}},"line":281},"22":{"name":"(anonymous_22)","decl":{"start":{"line":285,"column":8},"end":{"line":285,"column":23}},"loc":{"start":{"line":285,"column":68},"end":{"line":302,"column":null}},"line":285},"23":{"name":"(anonymous_23)","decl":{"start":{"line":304,"column":8},"end":{"line":304,"column":23}},"loc":{"start":{"line":304,"column":94},"end":{"line":311,"column":null}},"line":304},"24":{"name":"(anonymous_24)","decl":{"start":{"line":314,"column":8},"end":{"line":314,"column":27}},"loc":{"start":{"line":314,"column":87},"end":{"line":318,"column":null}},"line":314},"25":{"name":"(anonymous_25)","decl":{"start":{"line":316,"column":6},"end":{"line":316,"column":16}},"loc":{"start":{"line":316,"column":16},"end":{"line":316,"column":null}},"line":316},"26":{"name":"(anonymous_26)","decl":{"start":{"line":320,"column":8},"end":{"line":320,"column":30}},"loc":{"start":{"line":320,"column":107},"end":{"line":329,"column":null}},"line":320},"27":{"name":"(anonymous_27)","decl":{"start":{"line":332,"column":8},"end":{"line":332,"column":18}},"loc":{"start":{"line":332,"column":59},"end":{"line":334,"column":null}},"line":332},"28":{"name":"(anonymous_28)","decl":{"start":{"line":336,"column":8},"end":{"line":336,"column":47}},"loc":{"start":{"line":336,"column":47},"end":{"line":340,"column":null}},"line":336},"29":{"name":"(anonymous_29)","decl":{"start":{"line":338,"column":6},"end":{"line":338,"column":16}},"loc":{"start":{"line":338,"column":16},"end":{"line":338,"column":null}},"line":338},"30":{"name":"(anonymous_30)","decl":{"start":{"line":342,"column":8},"end":{"line":342,"column":21}},"loc":{"start":{"line":342,"column":60},"end":{"line":365,"column":null}},"line":342},"31":{"name":"(anonymous_31)","decl":{"start":{"line":367,"column":8},"end":{"line":367,"column":21}},"loc":{"start":{"line":367,"column":88},"end":{"line":374,"column":null}},"line":367},"32":{"name":"setStorage","decl":{"start":{"line":380,"column":16},"end":{"line":380,"column":27}},"loc":{"start":{"line":380,"column":46},"end":{"line":382,"column":null}},"line":380},"33":{"name":"getStorage","decl":{"start":{"line":384,"column":16},"end":{"line":384,"column":39}},"loc":{"start":{"line":384,"column":39},"end":{"line":386,"column":null}},"line":384}},"branchMap":{"0":{"loc":{"start":{"line":165,"column":21},"end":{"line":165,"column":null}},"type":"binary-expr","locations":[{"start":{"line":165,"column":21},"end":{"line":165,"column":49}},{"start":{"line":165,"column":49},"end":{"line":165,"column":null}}],"line":165},"1":{"loc":{"start":{"line":186,"column":4},"end":{"line":186,"column":null}},"type":"if","locations":[{"start":{"line":186,"column":4},"end":{"line":186,"column":null}},{"start":{},"end":{}}],"line":186},"2":{"loc":{"start":{"line":212,"column":19},"end":{"line":212,"column":null}},"type":"binary-expr","locations":[{"start":{"line":212,"column":19},"end":{"line":212,"column":41}},{"start":{"line":212,"column":41},"end":{"line":212,"column":null}}],"line":212},"3":{"loc":{"start":{"line":215,"column":19},"end":{"line":215,"column":null}},"type":"binary-expr","locations":[{"start":{"line":215,"column":19},"end":{"line":215,"column":41}},{"start":{"line":215,"column":41},"end":{"line":215,"column":null}}],"line":215},"4":{"loc":{"start":{"line":216,"column":15},"end":{"line":216,"column":null}},"type":"binary-expr","locations":[{"start":{"line":216,"column":15},"end":{"line":216,"column":33}},{"start":{"line":216,"column":33},"end":{"line":216,"column":null}}],"line":216},"5":{"loc":{"start":{"line":224,"column":4},"end":{"line":224,"column":null}},"type":"if","locations":[{"start":{"line":224,"column":4},"end":{"line":224,"column":null}},{"start":{},"end":{}}],"line":224},"6":{"loc":{"start":{"line":253,"column":11},"end":{"line":253,"column":null}},"type":"binary-expr","locations":[{"start":{"line":253,"column":11},"end":{"line":253,"column":29}},{"start":{"line":253,"column":29},"end":{"line":253,"column":null}}],"line":253},"7":{"loc":{"start":{"line":254,"column":24},"end":{"line":254,"column":null}},"type":"binary-expr","locations":[{"start":{"line":254,"column":24},"end":{"line":254,"column":55}},{"start":{"line":254,"column":55},"end":{"line":254,"column":null}}],"line":254},"8":{"loc":{"start":{"line":255,"column":16},"end":{"line":255,"column":null}},"type":"binary-expr","locations":[{"start":{"line":255,"column":16},"end":{"line":255,"column":39}},{"start":{"line":255,"column":39},"end":{"line":255,"column":null}}],"line":255},"9":{"loc":{"start":{"line":256,"column":16},"end":{"line":256,"column":null}},"type":"binary-expr","locations":[{"start":{"line":256,"column":16},"end":{"line":256,"column":39}},{"start":{"line":256,"column":39},"end":{"line":256,"column":null}}],"line":256},"10":{"loc":{"start":{"line":257,"column":18},"end":{"line":257,"column":null}},"type":"binary-expr","locations":[{"start":{"line":257,"column":18},"end":{"line":257,"column":43}},{"start":{"line":257,"column":43},"end":{"line":257,"column":null}}],"line":257},"11":{"loc":{"start":{"line":258,"column":16},"end":{"line":258,"column":null}},"type":"binary-expr","locations":[{"start":{"line":258,"column":16},"end":{"line":258,"column":39}},{"start":{"line":258,"column":39},"end":{"line":258,"column":null}}],"line":258},"12":{"loc":{"start":{"line":259,"column":16},"end":{"line":259,"column":null}},"type":"binary-expr","locations":[{"start":{"line":259,"column":16},"end":{"line":259,"column":39}},{"start":{"line":259,"column":39},"end":{"line":259,"column":null}}],"line":259},"13":{"loc":{"start":{"line":267,"column":4},"end":{"line":267,"column":null}},"type":"if","locations":[{"start":{"line":267,"column":4},"end":{"line":267,"column":null}},{"start":{},"end":{}}],"line":267},"14":{"loc":{"start":{"line":293,"column":23},"end":{"line":293,"column":null}},"type":"binary-expr","locations":[{"start":{"line":293,"column":23},"end":{"line":293,"column":51}},{"start":{"line":293,"column":51},"end":{"line":293,"column":null}}],"line":293},"15":{"loc":{"start":{"line":294,"column":16},"end":{"line":294,"column":null}},"type":"binary-expr","locations":[{"start":{"line":294,"column":16},"end":{"line":294,"column":37}},{"start":{"line":294,"column":37},"end":{"line":294,"column":null}}],"line":294},"16":{"loc":{"start":{"line":295,"column":18},"end":{"line":295,"column":null}},"type":"binary-expr","locations":[{"start":{"line":295,"column":18},"end":{"line":295,"column":41}},{"start":{"line":295,"column":41},"end":{"line":295,"column":null}}],"line":295},"17":{"loc":{"start":{"line":296,"column":19},"end":{"line":296,"column":null}},"type":"binary-expr","locations":[{"start":{"line":296,"column":19},"end":{"line":296,"column":43}},{"start":{"line":296,"column":43},"end":{"line":296,"column":null}}],"line":296},"18":{"loc":{"start":{"line":297,"column":24},"end":{"line":297,"column":null}},"type":"binary-expr","locations":[{"start":{"line":297,"column":24},"end":{"line":297,"column":53}},{"start":{"line":297,"column":53},"end":{"line":297,"column":null}}],"line":297},"19":{"loc":{"start":{"line":298,"column":22},"end":{"line":298,"column":null}},"type":"binary-expr","locations":[{"start":{"line":298,"column":22},"end":{"line":298,"column":49}},{"start":{"line":298,"column":49},"end":{"line":298,"column":null}}],"line":298},"20":{"loc":{"start":{"line":306,"column":4},"end":{"line":306,"column":null}},"type":"if","locations":[{"start":{"line":306,"column":4},"end":{"line":306,"column":null}},{"start":{},"end":{}}],"line":306},"21":{"loc":{"start":{"line":350,"column":28},"end":{"line":350,"column":null}},"type":"binary-expr","locations":[{"start":{"line":350,"column":28},"end":{"line":350,"column":59}},{"start":{"line":350,"column":59},"end":{"line":350,"column":null}}],"line":350},"22":{"loc":{"start":{"line":351,"column":21},"end":{"line":351,"column":null}},"type":"binary-expr","locations":[{"start":{"line":351,"column":21},"end":{"line":351,"column":45}},{"start":{"line":351,"column":45},"end":{"line":351,"column":null}}],"line":351},"23":{"loc":{"start":{"line":352,"column":22},"end":{"line":352,"column":null}},"type":"binary-expr","locations":[{"start":{"line":352,"column":22},"end":{"line":352,"column":47}},{"start":{"line":352,"column":47},"end":{"line":352,"column":null}}],"line":352},"24":{"loc":{"start":{"line":353,"column":26},"end":{"line":353,"column":null}},"type":"binary-expr","locations":[{"start":{"line":353,"column":26},"end":{"line":353,"column":55}},{"start":{"line":353,"column":55},"end":{"line":353,"column":null}}],"line":353},"25":{"loc":{"start":{"line":357,"column":24},"end":{"line":357,"column":null}},"type":"binary-expr","locations":[{"start":{"line":357,"column":24},"end":{"line":357,"column":51}},{"start":{"line":357,"column":51},"end":{"line":357,"column":null}}],"line":357},"26":{"loc":{"start":{"line":358,"column":28},"end":{"line":358,"column":null}},"type":"binary-expr","locations":[{"start":{"line":358,"column":28},"end":{"line":358,"column":59}},{"start":{"line":358,"column":59},"end":{"line":358,"column":null}}],"line":358},"27":{"loc":{"start":{"line":359,"column":23},"end":{"line":359,"column":null}},"type":"binary-expr","locations":[{"start":{"line":359,"column":23},"end":{"line":359,"column":49}},{"start":{"line":359,"column":49},"end":{"line":359,"column":null}}],"line":359},"28":{"loc":{"start":{"line":360,"column":16},"end":{"line":360,"column":null}},"type":"binary-expr","locations":[{"start":{"line":360,"column":16},"end":{"line":360,"column":35}},{"start":{"line":360,"column":35},"end":{"line":360,"column":null}}],"line":360},"29":{"loc":{"start":{"line":361,"column":19},"end":{"line":361,"column":null}},"type":"binary-expr","locations":[{"start":{"line":361,"column":19},"end":{"line":361,"column":41}},{"start":{"line":361,"column":41},"end":{"line":361,"column":null}}],"line":361},"30":{"loc":{"start":{"line":369,"column":4},"end":{"line":369,"column":null}},"type":"if","locations":[{"start":{"line":369,"column":4},"end":{"line":369,"column":null}},{"start":{},"end":{}}],"line":369}},"s":{"0":3,"1":28,"2":28,"3":28,"4":28,"5":28,"6":28,"7":28,"8":28,"9":28,"10":112,"11":3,"12":11,"13":14,"14":16,"15":19,"16":13,"17":13,"18":13,"19":13,"20":3,"21":3,"22":0,"23":3,"24":3,"25":3,"26":1,"27":28,"28":3,"29":3,"30":3,"31":3,"32":1,"33":1,"34":0,"35":1,"36":1,"37":1,"38":12,"39":6,"40":9,"41":19,"42":19,"43":19,"44":19,"45":7,"46":7,"47":0,"48":7,"49":7,"50":7,"51":0,"52":4,"53":20,"54":33,"55":33,"56":33,"57":33,"58":1,"59":1,"60":0,"61":1,"62":1,"63":1,"64":2,"65":1,"66":2,"67":2,"68":2,"69":2,"70":0,"71":2,"72":1,"73":3,"74":3,"75":3,"76":3,"77":1,"78":1,"79":0,"80":1,"81":1,"82":1,"83":3,"84":3,"85":122},"f":{"0":28,"1":28,"2":112,"3":3,"4":11,"5":14,"6":16,"7":19,"8":13,"9":3,"10":1,"11":28,"12":3,"13":1,"14":12,"15":6,"16":9,"17":19,"18":7,"19":0,"20":4,"21":20,"22":33,"23":1,"24":2,"25":1,"26":2,"27":0,"28":2,"29":1,"30":3,"31":1,"32":3,"33":122},"b":{"0":[13,13],"1":[0,3],"2":[3,3],"3":[3,0],"4":[3,3],"5":[0,1],"6":[19,19],"7":[19,0],"8":[19,19],"9":[19,19],"10":[19,19],"11":[19,19],"12":[19,5],"13":[0,7],"14":[33,33],"15":[33,33],"16":[33,33],"17":[33,33],"18":[33,33],"19":[33,33],"20":[0,1],"21":[3,3],"22":[3,3],"23":[3,3],"24":[3,3],"25":[3,3],"26":[3,3],"27":[3,3],"28":[3,0],"29":[3,3],"30":[0,1]},"meta":{"lastBranch":31,"lastFunction":34,"lastStatement":86,"seen":{"s:14:27:14:Infinity":0,"f:61:2:61:16":0,"s:62:4:62:Infinity":1,"s:63:4:63:Infinity":2,"s:64:4:64:Infinity":3,"s:65:4:65:Infinity":4,"s:66:4:66:Infinity":5,"s:67:4:67:Infinity":6,"s:70:4:70:Infinity":7,"f:73:10:73:31":1,"s:75:42:136:Infinity":8,"s:138:4:138:Infinity":9,"f:138:24:138:34":2,"s:138:34:138:77":10,"f:142:8:142:16":3,"s:143:4:143:Infinity":11,"f:146:8:146:26":4,"s:147:4:149:Infinity":12,"f:148:6:148:7":5,"s:148:16:148:Infinity":13,"f:152:8:152:23":6,"s:153:4:155:Infinity":14,"f:154:6:154:7":7,"s:154:16:154:Infinity":15,"f:158:8:158:19":8,"s:159:15:159:Infinity":16,"s:160:23:179:Infinity":17,"b:165:21:165:49:165:49:165:Infinity":0,"s:180:4:180:Infinity":18,"s:181:4:181:Infinity":19,"f:184:8:184:19":9,"s:185:17:185:Infinity":20,"b:186:4:186:Infinity:undefined:undefined:undefined:undefined":1,"s:186:4:186:Infinity":21,"s:186:15:186:Infinity":22,"s:188:20:188:Infinity":23,"s:189:4:189:Infinity":24,"s:190:4:190:Infinity":25,"f:194:8:194:26":10,"s:195:4:195:Infinity":26,"f:198:8:198:56":11,"s:199:4:199:Infinity":27,"f:202:8:202:29":12,"s:203:15:203:Infinity":28,"s:204:38:217:Infinity":29,"b:212:19:212:41:212:41:212:Infinity":2,"b:215:19:215:41:215:41:215:Infinity":3,"b:216:15:216:33:216:33:216:Infinity":4,"s:218:4:218:Infinity":30,"s:219:4:219:Infinity":31,"f:222:8:222:29":13,"s:223:19:223:Infinity":32,"b:224:4:224:Infinity:undefined:undefined:undefined:undefined":5,"s:224:4:224:Infinity":33,"s:224:17:224:Infinity":34,"s:226:20:226:Infinity":35,"s:227:4:227:Infinity":36,"s:228:4:228:Infinity":37,"f:232:8:232:22":14,"s:233:4:233:Infinity":38,"f:236:8:236:48":15,"s:237:4:239:Infinity":39,"f:237:54:237:55":16,"s:238:6:238:Infinity":40,"f:242:8:242:25":17,"s:243:15:243:Infinity":41,"s:244:38:260:Infinity":42,"b:253:11:253:29:253:29:253:Infinity":6,"b:254:24:254:55:254:55:254:Infinity":7,"b:255:16:255:39:255:39:255:Infinity":8,"b:256:16:256:39:256:39:256:Infinity":9,"b:257:18:257:43:257:43:257:Infinity":10,"b:258:16:258:39:258:39:258:Infinity":11,"b:259:16:259:39:259:39:259:Infinity":12,"s:261:4:261:Infinity":43,"s:262:4:262:Infinity":44,"f:265:8:265:25":18,"s:266:23:266:Infinity":45,"b:267:4:267:Infinity:undefined:undefined:undefined:undefined":13,"s:267:4:267:Infinity":46,"s:267:21:267:Infinity":47,"s:269:20:269:Infinity":48,"s:270:4:270:Infinity":49,"s:271:4:271:Infinity":50,"f:275:8:275:20":19,"s:276:4:276:Infinity":51,"f:279:8:279:32":20,"s:280:4:282:Infinity":52,"f:281:6:281:18":21,"s:281:18:281:Infinity":53,"f:285:8:285:23":22,"s:286:15:286:Infinity":54,"s:287:34:299:Infinity":55,"b:293:23:293:51:293:51:293:Infinity":14,"b:294:16:294:37:294:37:294:Infinity":15,"b:295:18:295:41:295:41:295:Infinity":16,"b:296:19:296:43:296:43:296:Infinity":17,"b:297:24:297:53:297:53:297:Infinity":18,"b:298:22:298:49:298:49:298:Infinity":19,"s:300:4:300:Infinity":56,"s:301:4:301:Infinity":57,"f:304:8:304:23":23,"s:305:21:305:Infinity":58,"b:306:4:306:Infinity:undefined:undefined:undefined:undefined":20,"s:306:4:306:Infinity":59,"s:306:19:306:Infinity":60,"s:308:20:308:Infinity":61,"s:309:4:309:Infinity":62,"s:310:4:310:Infinity":63,"f:314:8:314:27":24,"s:315:4:317:Infinity":64,"f:316:6:316:16":25,"s:316:16:316:Infinity":65,"f:320:8:320:30":26,"s:321:15:321:Infinity":66,"s:322:45:326:Infinity":67,"s:327:4:327:Infinity":68,"s:328:4:328:Infinity":69,"f:332:8:332:18":27,"s:333:4:333:Infinity":70,"f:336:8:336:47":28,"s:337:4:339:Infinity":71,"f:338:6:338:16":29,"s:338:16:338:Infinity":72,"f:342:8:342:21":30,"s:343:15:343:Infinity":73,"s:344:30:362:Infinity":74,"b:350:28:350:59:350:59:350:Infinity":21,"b:351:21:351:45:351:45:351:Infinity":22,"b:352:22:352:47:352:47:352:Infinity":23,"b:353:26:353:55:353:55:353:Infinity":24,"b:357:24:357:51:357:51:357:Infinity":25,"b:358:28:358:59:358:59:358:Infinity":26,"b:359:23:359:49:359:49:359:Infinity":27,"b:360:16:360:35:360:35:360:Infinity":28,"b:361:19:361:41:361:41:361:Infinity":29,"s:363:4:363:Infinity":75,"s:364:4:364:Infinity":76,"f:367:8:367:21":31,"s:368:19:368:Infinity":77,"b:369:4:369:Infinity:undefined:undefined:undefined:undefined":30,"s:369:4:369:Infinity":78,"s:369:17:369:Infinity":79,"s:371:20:371:Infinity":80,"s:372:4:372:Infinity":81,"s:373:4:373:Infinity":82,"s:378:32:378:Infinity":83,"f:380:16:380:27":32,"s:381:2:381:Infinity":84,"f:384:16:384:39":33,"s:385:2:385:Infinity":85}}}
}
