TN:
SF:server/storage.ts
FN:61,(anonymous_0)
FN:73,(anonymous_1)
FN:138,(anonymous_2)
FN:142,(anonymous_3)
FN:146,(anonymous_4)
FN:148,(anonymous_5)
FN:152,(anonymous_6)
FN:154,(anonymous_7)
FN:158,(anonymous_8)
FN:184,(anonymous_9)
FN:194,(anonymous_10)
FN:198,(anonymous_11)
FN:202,(anonymous_12)
FN:222,(anonymous_13)
FN:232,(anonymous_14)
FN:236,(anonymous_15)
FN:237,(anonymous_16)
FN:242,(anonymous_17)
FN:265,(anonymous_18)
FN:275,(anonymous_19)
FN:279,(anonymous_20)
FN:281,(anonymous_21)
FN:285,(anonymous_22)
FN:304,(anonymous_23)
FN:314,(anonymous_24)
FN:316,(anonymous_25)
FN:320,(anonymous_26)
FN:332,(anonymous_27)
FN:336,(anonymous_28)
FN:338,(anonymous_29)
FN:342,(anonymous_30)
FN:367,(anonymous_31)
FN:380,setStorage
FN:384,getStorage
FNF:34
FNH:32
FNDA:28,(anonymous_0)
FNDA:28,(anonymous_1)
FNDA:112,(anonymous_2)
FNDA:3,(anonymous_3)
FNDA:11,(anonymous_4)
FNDA:14,(anonymous_5)
FNDA:16,(anonymous_6)
FNDA:19,(anonymous_7)
FNDA:13,(anonymous_8)
FNDA:3,(anonymous_9)
FNDA:1,(anonymous_10)
FNDA:28,(anonymous_11)
FNDA:3,(anonymous_12)
FNDA:1,(anonymous_13)
FNDA:12,(anonymous_14)
FNDA:6,(anonymous_15)
FNDA:9,(anonymous_16)
FNDA:19,(anonymous_17)
FNDA:7,(anonymous_18)
FNDA:0,(anonymous_19)
FNDA:4,(anonymous_20)
FNDA:20,(anonymous_21)
FNDA:33,(anonymous_22)
FNDA:1,(anonymous_23)
FNDA:2,(anonymous_24)
FNDA:1,(anonymous_25)
FNDA:2,(anonymous_26)
FNDA:0,(anonymous_27)
FNDA:2,(anonymous_28)
FNDA:1,(anonymous_29)
FNDA:3,(anonymous_30)
FNDA:1,(anonymous_31)
FNDA:3,setStorage
FNDA:122,getStorage
DA:14,3
DA:62,28
DA:63,28
DA:64,28
DA:65,28
DA:66,28
DA:67,28
DA:70,28
DA:75,28
DA:138,112
DA:143,3
DA:147,11
DA:148,14
DA:153,16
DA:154,19
DA:159,13
DA:160,13
DA:180,13
DA:181,13
DA:185,3
DA:186,3
DA:188,3
DA:189,3
DA:190,3
DA:195,1
DA:199,28
DA:203,3
DA:204,3
DA:218,3
DA:219,3
DA:223,1
DA:224,1
DA:226,1
DA:227,1
DA:228,1
DA:233,12
DA:237,6
DA:238,9
DA:243,19
DA:244,19
DA:261,19
DA:262,19
DA:266,7
DA:267,7
DA:269,7
DA:270,7
DA:271,7
DA:276,0
DA:280,4
DA:281,20
DA:286,33
DA:287,33
DA:300,33
DA:301,33
DA:305,1
DA:306,1
DA:308,1
DA:309,1
DA:310,1
DA:315,2
DA:316,1
DA:321,2
DA:322,2
DA:327,2
DA:328,2
DA:333,0
DA:337,2
DA:338,1
DA:343,3
DA:344,3
DA:363,3
DA:364,3
DA:368,1
DA:369,1
DA:371,1
DA:372,1
DA:373,1
DA:378,3
DA:381,3
DA:385,122
LF:80
LH:78
BRDA:165,0,0,13
BRDA:165,0,1,13
BRDA:186,1,0,0
BRDA:186,1,1,3
BRDA:212,2,0,3
BRDA:212,2,1,3
BRDA:215,3,0,3
BRDA:215,3,1,0
BRDA:216,4,0,3
BRDA:216,4,1,3
BRDA:224,5,0,0
BRDA:224,5,1,1
BRDA:253,6,0,19
BRDA:253,6,1,19
BRDA:254,7,0,19
BRDA:254,7,1,0
BRDA:255,8,0,19
BRDA:255,8,1,19
BRDA:256,9,0,19
BRDA:256,9,1,19
BRDA:257,10,0,19
BRDA:257,10,1,19
BRDA:258,11,0,19
BRDA:258,11,1,19
BRDA:259,12,0,19
BRDA:259,12,1,5
BRDA:267,13,0,0
BRDA:267,13,1,7
BRDA:293,14,0,33
BRDA:293,14,1,33
BRDA:294,15,0,33
BRDA:294,15,1,33
BRDA:295,16,0,33
BRDA:295,16,1,33
BRDA:296,17,0,33
BRDA:296,17,1,33
BRDA:297,18,0,33
BRDA:297,18,1,33
BRDA:298,19,0,33
BRDA:298,19,1,33
BRDA:306,20,0,0
BRDA:306,20,1,1
BRDA:350,21,0,3
BRDA:350,21,1,3
BRDA:351,22,0,3
BRDA:351,22,1,3
BRDA:352,23,0,3
BRDA:352,23,1,3
BRDA:353,24,0,3
BRDA:353,24,1,3
BRDA:357,25,0,3
BRDA:357,25,1,3
BRDA:358,26,0,3
BRDA:358,26,1,3
BRDA:359,27,0,3
BRDA:359,27,1,3
BRDA:360,28,0,3
BRDA:360,28,1,0
BRDA:361,29,0,3
BRDA:361,29,1,3
BRDA:369,30,0,0
BRDA:369,30,1,1
BRF:62
BRH:54
end_of_record
